threading set:  4 4
Parameters set, preparing dataloading
{
    "data": {
        "handler": "ilsvrc_dataset",
        "batch_size": 256,
        "train_filelist": "/lus/grand/projects/ALCFAITP/ilsvrc_train_filelist.txt",
        "test_filelist": "/lus/grand/projects/ALCFAITP/ilsvrc_val_filelist.txt",
        "shuffle_buffer": 200000,
        "reshuffle_each_iteration": true,
        "num_parallel_readers": 4,
        "prefetch_buffer_size": 8,
        "crop_image_size": [
            256,
            256
        ],
        "num_classes": 1000,
        "num_channels": 3
    }
}
num labels: 1000
build dataset /lus/grand/projects/ALCFAITP/ilsvrc_train_filelist.txt
input filelist contains 1281167 files, estimated batches per rank 5004
build dataset /lus/grand/projects/ALCFAITP/ilsvrc_val_filelist.txt
input filelist contains 50000 files, estimated batches per rank 195
Datasets ready, creating network.
Initial Image size:  (256, 256, 256, 3)
output shape: (256, 1000)
Model: "res_net34"
_________________________________________________________________
 Layer (type)                Output Shape              Param #   
=================================================================
 sequential (Sequential)     (256, 64, 64, 64)         9664      
                                                                 
 sequential_1 (Sequential)   (256, 64, 64, 64)         223104    
                                                                 
 residual_downsample (Residu  multiple                 230784    
 alDownsample)                                                   
                                                                 
 sequential_2 (Sequential)   (256, 32, 32, 128)        888576    
                                                                 
 residual_downsample_1 (Resi  multiple                 920320    
 dualDownsample)                                                 
                                                                 
 sequential_3 (Sequential)   (256, 16, 16, 256)        5911040   
                                                                 
 residual_downsample_2 (Resi  multiple                 3675648   
 dualDownsample)                                                 
                                                                 
 sequential_4 (Sequential)   (256, 8, 8, 512)          9447424   
                                                                 
 average_pooling2d (AverageP  multiple                 0         
 ooling2D)                                                       
                                                                 
 flatten (Flatten)           multiple                  0         
                                                                 
 dense (Dense)               multiple                  513000    
                                                                 
=================================================================
Total params: 21,819,560
Trainable params: 21,804,328
Non-trainable params: 15,232
_________________________________________________________________
None
start profiler
Finished step 1 of 5004 in epoch 0,loss=203.303, acc=0.000 (3.812 img/s).
Finished step 2 of 5004 in epoch 0,loss=103.511, acc=0.008 (70.465 img/s).
Finished step 3 of 5004 in epoch 0,loss=82.425, acc=0.008 (261.635 img/s).
Finished step 4 of 5004 in epoch 0,loss=57.343, acc=0.004 (83.761 img/s).
Finished step 5 of 5004 in epoch 0,loss=36.909, acc=0.000 (283.542 img/s).
Finished step 6 of 5004 in epoch 0,loss=21.900, acc=0.000 (95.159 img/s).
Finished step 7 of 5004 in epoch 0,loss=16.229, acc=0.000 (10.781 img/s).
Finished step 8 of 5004 in epoch 0,loss=11.588, acc=0.000 (5.265 img/s).
Finished step 9 of 5004 in epoch 0,loss=9.574, acc=0.000 (37.171 img/s).
Finished step 10 of 5004 in epoch 0,loss=8.698, acc=0.012 (22.158 img/s).
Finished step 11 of 5004 in epoch 0,loss=7.728, acc=0.004 (36.006 img/s).
stop profiler
mean image/s =    90.59   standard deviation:    95.46
